<?xml version="1.0" encoding="UTF-8"?>
<testsuite name="com.thewafflers.tests.EnergyTests" tests="1" skipped="0" failures="0" errors="0" timestamp="2024-04-29T17:37:15" hostname="MERRILL-LAPTOP" time="0.001">
  <properties/>
  <testcase name="testgetCurrentEnergy" classname="com.thewafflers.tests.EnergyTests" time="0.001"/>
  <system-out><![CDATA[]]></system-out>
  <system-err><![CDATA[]]></system-err>
</testsuite>
