<?xml version="1.0" encoding="UTF-8"?>
<testsuite name="com.thewafflers.tests.AssetTests" tests="1" skipped="0" failures="0" errors="0" timestamp="2024-04-30T12:42:26" hostname="MERRILL-LAPTOP" time="0.007">
  <properties/>
  <testcase name="testMenuScreenAssetExists" classname="com.thewafflers.tests.AssetTests" time="0.007"/>
  <system-out><![CDATA[]]></system-out>
  <system-err><![CDATA[]]></system-err>
</testsuite>
