<?xml version="1.0" encoding="UTF-8"?>
<testsuite name="com.thewafflers.tests.AssetTests" tests="8" skipped="0" failures="0" errors="0" timestamp="2024-05-20T22:22:31" hostname="MERRILL-LAPTOP" time="0.115">
  <properties/>
  <testcase name="testFontAssetsExist" classname="com.thewafflers.tests.AssetTests" time="0.006"/>
  <testcase name="testMenuScreenAssetsExists" classname="com.thewafflers.tests.AssetTests" time="0.002"/>
  <testcase name="testPlayScreenAssetsExists" classname="com.thewafflers.tests.AssetTests" time="0.001"/>
  <testcase name="testTutorialScreenAssetsExist" classname="com.thewafflers.tests.AssetTests" time="0.001"/>
  <testcase name="testHUDAssetsExists" classname="com.thewafflers.tests.AssetTests" time="0.001"/>
  <testcase name="testPlayerAnimatorAssetsExists" classname="com.thewafflers.tests.AssetTests" time="0.002"/>
  <testcase name="testInteractionPopupAssetsExists" classname="com.thewafflers.tests.AssetTests" time="0.001"/>
  <testcase name="testLeaderboardScreenAssetsExists" classname="com.thewafflers.tests.AssetTests" time="0.001"/>
  <system-out><![CDATA[]]></system-out>
  <system-err><![CDATA[]]></system-err>
</testsuite>
