<?xml version="1.0" encoding="UTF-8"?>
<testsuite name="com.thewafflers.tests.LeaderboardTests" tests="2" skipped="0" failures="0" errors="0" timestamp="2024-05-20T22:22:31" hostname="MERRILL-LAPTOP" time="0.009">
  <properties/>
  <testcase name="testLeaderboardWriteReadScore" classname="com.thewafflers.tests.LeaderboardTests" time="0.007"/>
  <testcase name="testLeaderboardAddScore" classname="com.thewafflers.tests.LeaderboardTests" time="0.001"/>
  <system-out><![CDATA[]]></system-out>
  <system-err><![CDATA[]]></system-err>
</testsuite>
