<?xml version="1.0" encoding="UTF-8"?>
<testsuite name="com.thewafflers.tests.TimeTests" tests="8" skipped="0" failures="0" errors="0" timestamp="2024-05-20T22:25:07" hostname="MERRILL-LAPTOP" time="0.007">
  <properties/>
  <testcase name="testGetMinsRemaining" classname="com.thewafflers.tests.TimeTests" time="0.001"/>
  <testcase name="testResetTime" classname="com.thewafflers.tests.TimeTests" time="0.0"/>
  <testcase name="testGetIntervalsRemaining" classname="com.thewafflers.tests.TimeTests" time="0.0"/>
  <testcase name="testTimeUpdate" classname="com.thewafflers.tests.TimeTests" time="0.004"/>
  <testcase name="testNotEnoughTimeToUpdate" classname="com.thewafflers.tests.TimeTests" time="0.001"/>
  <testcase name="testDoActivity" classname="com.thewafflers.tests.TimeTests" time="0.001"/>
  <testcase name="testInvalidTimeForActivity" classname="com.thewafflers.tests.TimeTests" time="0.0"/>
  <testcase name="testValidTimeForActivity" classname="com.thewafflers.tests.TimeTests" time="0.0"/>
  <system-out><![CDATA[]]></system-out>
  <system-err><![CDATA[]]></system-err>
</testsuite>
