<?xml version="1.0" encoding="UTF-8"?>
<testsuite name="com.thewafflers.tests.PlayScreenTests" tests="4" skipped="0" failures="0" errors="0" timestamp="2024-05-20T22:22:31" hostname="MERRILL-LAPTOP" time="0.084">
  <properties/>
  <testcase name="testEnoughLocations" classname="com.thewafflers.tests.PlayScreenTests" time="0.032"/>
  <testcase name="testGameArea" classname="com.thewafflers.tests.PlayScreenTests" time="0.002"/>
  <testcase name="testActivityLocationsinMap" classname="com.thewafflers.tests.PlayScreenTests" time="0.003"/>
  <testcase name="testPlayerNearInteraction" classname="com.thewafflers.tests.PlayScreenTests" time="0.003"/>
  <system-out><![CDATA[]]></system-out>
  <system-err><![CDATA[]]></system-err>
</testsuite>
