<?xml version="1.0" encoding="UTF-8"?>
<testsuite name="com.thewafflers.tests.AvatarTests" tests="7" skipped="0" failures="0" errors="0" timestamp="2024-05-20T22:22:31" hostname="MERRILL-LAPTOP" time="0.123">
  <properties/>
  <testcase name="testMovePlayerDown" classname="com.thewafflers.tests.AvatarTests" time="0.022"/>
  <testcase name="testMovePlayerLeft" classname="com.thewafflers.tests.AvatarTests" time="0.0"/>
  <testcase name="testMovePlayerUp" classname="com.thewafflers.tests.AvatarTests" time="0.0"/>
  <testcase name="testMovePlayerRight" classname="com.thewafflers.tests.AvatarTests" time="0.0"/>
  <testcase name="testGetPlayerXYPos" classname="com.thewafflers.tests.AvatarTests" time="0.001"/>
  <testcase name="testSetPlayerLoc" classname="com.thewafflers.tests.AvatarTests" time="0.0"/>
  <testcase name="testDontMovePlayer" classname="com.thewafflers.tests.AvatarTests" time="0.001"/>
  <system-out><![CDATA[]]></system-out>
  <system-err><![CDATA[]]></system-err>
</testsuite>
